#
# A fatal error has been detected by the Java Runtime Environment:
#
#  EXCEPTION_ACCESS_VIOLATION (0xc0000005) at pc=0x00007ffb92af4e80, pid=13764, tid=10476
#
# JRE version: Java(TM) SE Runtime Environment (10.0.2+13) (build 10.0.2+13)
# Java VM: Java HotSpot(TM) 64-Bit Server VM (10.0.2+13, mixed mode, tiered, compressed oops, g1 gc, windows-amd64)
# Problematic frame:
# C  [javafx_font.dll+0x4e80]
#
# No core dump will be written. Minidumps are not enabled by default on client versions of Windows
#
# If you would like to submit a bug report, please visit:
#   http://bugreport.java.com/bugreport/crash.jsp
# The crash happened outside the Java Virtual Machine in native code.
# See problematic frame for where to report the bug.
#

---------------  S U M M A R Y ------------

Command Line: -Djava.io.tmpdir=C:\Users\Scott\AppData\Local\Temp\jbd_tmp_10662439927943512646 -Djava.rmi.server.hostname=127.0.0.1 com.machinepublishers.jbrowserdriver.JBrowserDriverServer -1 -2 -3

Host: AMD Phenom(tm) II X4 965 Processor, 4 cores, 7G,  Windows 10 , 64 bit Build 17134 (10.0.17134.1)
Time: Mon Jan 21 20:47:13 2019 GMT Standard Time elapsed time: 15 seconds (0d 0h 0m 15s)

---------------  T H R E A D  ---------------

Current thread (0x0000019a902d4800):  JavaThread "JavaFX Application Thread" daemon [_thread_in_native, id=10476, stack(0x0000003868600000,0x0000003868700000)]

Stack: [0x0000003868600000,0x0000003868700000],  sp=0x00000038686fdad0,  free space=1014k
Native frames: (J=compiled Java code, j=interpreted, Vv=VM code, C=native code)
C  [javafx_font.dll+0x4e80]

Java frames: (J=compiled Java code, j=interpreted, Vv=VM code)
j  com.sun.javafx.font.directwrite.OS.CreateBitmap(JIIII)J+0 javafx.graphics@10.0.2
j  com.sun.javafx.font.directwrite.IWICImagingFactory.CreateBitmap(IIII)Lcom/sun/javafx/font/directwrite/IWICBitmap;+9 javafx.graphics@10.0.2
j  com.sun.javafx.font.directwrite.DWGlyph.createBitmap(II)Lcom/sun/javafx/font/directwrite/IWICBitmap;+10 javafx.graphics@10.0.2
j  com.sun.javafx.font.directwrite.DWGlyph.getCachedBitmap()Lcom/sun/javafx/font/directwrite/IWICBitmap;+13 javafx.graphics@10.0.2
j  com.sun.javafx.font.directwrite.DWGlyph.getD2DMask(FFZ)[B+117 javafx.graphics@10.0.2
j  com.sun.javafx.font.directwrite.DWGlyph.getPixelData(I)[B+94 javafx.graphics@10.0.2
j  com.sun.prism.sw.SWGraphics.drawGlyph(Lcom/sun/javafx/font/FontStrike;Lcom/sun/javafx/scene/text/GlyphList;ILcom/sun/javafx/geom/transform/BaseTransform;ZFF)V+85 javafx.graphics@10.0.2
j  com.sun.prism.sw.SWGraphics.drawString(Lcom/sun/javafx/scene/text/GlyphList;Lcom/sun/javafx/font/FontStrike;FFLcom/sun/prism/paint/Color;II)V+352 javafx.graphics@10.0.2
j  com.sun.javafx.webkit.prism.WCGraphicsPrismContext$10.doPaint(Lcom/sun/prism/Graphics;)V+129 javafx.web@10.0.2
j  com.sun.javafx.webkit.prism.WCGraphicsPrismContext$Composite.paint(Lcom/sun/prism/Graphics;)V+83 javafx.web@10.0.2
j  com.sun.javafx.webkit.prism.WCGraphicsPrismContext$Composite.paint()V+9 javafx.web@10.0.2
j  com.sun.javafx.webkit.prism.WCGraphicsPrismContext.drawString(Lcom/sun/webkit/graphics/WCFont;[I[FFF)V+213 javafx.web@10.0.2
j  com.sun.webkit.graphics.GraphicsDecoder.decode(Lcom/sun/webkit/graphics/WCGraphicsManager;Lcom/sun/webkit/graphics/WCGraphicsContext;Lcom/sun/webkit/graphics/BufferData;)V+1102 javafx.web@10.0.2
j  com.sun.webkit.graphics.WCRenderQueue.decode(Lcom/sun/webkit/graphics/WCGraphicsContext;)V+32 javafx.web@10.0.2
j  com.sun.webkit.WebPage.paint2GC(Lcom/sun/webkit/graphics/WCGraphicsContext;)V+166 javafx.web@10.0.2
j  com.sun.webkit.WebPage.paint(Lcom/sun/webkit/graphics/WCGraphicsContext;IIII)V+70 javafx.web@10.0.2
j  com.sun.javafx.sg.prism.web.NGWebView.renderContent(Lcom/sun/prism/Graphics;)V+97 javafx.web@10.0.2
j  com.sun.javafx.sg.prism.NGNode.doRender(Lcom/sun/prism/Graphics;)V+330 javafx.graphics@10.0.2
j  com.sun.javafx.sg.prism.NGNode.render(Lcom/sun/prism/Graphics;)V+34 javafx.graphics@10.0.2
j  com.sun.javafx.sg.prism.NGGroup.renderContent(Lcom/sun/prism/Graphics;)V+151 javafx.graphics@10.0.2
j  com.sun.javafx.sg.prism.NGRegion.renderContent(Lcom/sun/prism/Graphics;)V+111 javafx.graphics@10.0.2
j  com.sun.javafx.sg.prism.NGNode.doRender(Lcom/sun/prism/Graphics;)V+330 javafx.graphics@10.0.2
j  com.sun.javafx.sg.prism.NGNode.render(Lcom/sun/prism/Graphics;)V+34 javafx.graphics@10.0.2
j  com.sun.javafx.tk.quantum.ViewPainter.doPaint(Lcom/sun/prism/Graphics;Lcom/sun/javafx/sg/prism/NodePath;)V+201 javafx.graphics@10.0.2
j  com.sun.javafx.tk.quantum.ViewPainter.paintImpl(Lcom/sun/prism/Graphics;)V+961 javafx.graphics@10.0.2
j  com.sun.javafx.tk.quantum.UploadingPainter.run()V+741 javafx.graphics@10.0.2
j  java.util.concurrent.Executors$RunnableAdapter.call()Ljava/lang/Object;+4 java.base@10.0.2
j  java.util.concurrent.FutureTask.runAndReset()Z+44 java.base@10.0.2
j  com.sun.javafx.tk.RenderJob.run()V+1 javafx.graphics@10.0.2
j  com.sun.javafx.tk.quantum.QuantumToolkit.addRenderJob(Lcom/sun/javafx/tk/RenderJob;)Ljava/util/concurrent/Future;+58 javafx.graphics@10.0.2
j  com.sun.javafx.tk.quantum.ViewScene.repaint()V+25 javafx.graphics@10.0.2
j  com.sun.javafx.tk.quantum.PaintCollector.renderAll()V+251 javafx.graphics@10.0.2
j  com.sun.javafx.tk.quantum.QuantumToolkit.pulse(Z)V+104 javafx.graphics@10.0.2
j  com.sun.javafx.tk.quantum.QuantumToolkit.pulse()V+2 javafx.graphics@10.0.2
j  com.sun.javafx.tk.quantum.QuantumToolkit.pulseFromQueue()V+1 javafx.graphics@10.0.2
j  com.sun.javafx.tk.quantum.QuantumToolkit.lambda$runToolkit$11()V+1 javafx.graphics@10.0.2
j  com.sun.javafx.tk.quantum.QuantumToolkit$$Lambda$154.run()V+4 javafx.graphics@10.0.2
j  com.machinepublishers.glass.ui.monocle.RunnableProcessor.runLoop()Ljava/lang/Object;+36
j  com.machinepublishers.glass.ui.monocle.RunnableProcessor.run()V+1
j  java.lang.Thread.run()V+11 java.base@10.0.2
v  ~StubRoutines::call_stub

siginfo: EXCEPTION_ACCESS_VIOLATION (0xc0000005), reading address 0x00007ffb9a2d9200


Register to memory mapping:

RIP=0x00007ffb92af4e80 javafx_font.dll
RAX=0x0000000000000001 is an unknown value
RBX=0x0000000000000000 is an unknown value
RCX=0x0000019affe390e0 is an unknown value
RDX=0x0000000000000100 is an unknown value
RSP=0x00000038686fdad0 is pointing into the stack for thread: 0x0000019a902d4800
RBP=0x00000038686fdb20 is pointing into the stack for thread: 0x0000019a902d4800
RSI=0x0000000000000020 is an unknown value
RDI=0x0000000000000100 is an unknown value
R8 =0x0000000000000100 is an unknown value
R9 =0x00000038686fdb08 is pointing into the stack for thread: 0x0000019a902d4800
R10=0x00007ffb9a2d9178 is an unknown value
R11=0x0000019affe390e0 is an unknown value
R12=0x0000000000000000 is an unknown value
R13={method} {0x0000019a9229ae60} 'CreateBitmap' '(JIIII)J' in 'com/sun/javafx/font/directwrite/OS'
R14=0x00000038686fdc10 is pointing into the stack for thread: 0x0000019a902d4800
R15=0x0000019a902d4800 is a thread


Registers:
RAX=0x0000000000000001, RBX=0x0000000000000000, RCX=0x0000019affe390e0, RDX=0x0000000000000100
RSP=0x00000038686fdad0, RBP=0x00000038686fdb20, RSI=0x0000000000000020, RDI=0x0000000000000100
R8 =0x0000000000000100, R9 =0x00000038686fdb08, R10=0x00007ffb9a2d9178, R11=0x0000019affe390e0
R12=0x0000000000000000, R13=0x0000019a9229ae58, R14=0x00000038686fdc10, R15=0x0000019a902d4800
RIP=0x00007ffb92af4e80, EFLAGS=0x0000000000010206

Top of Stack: (sp=0x00000038686fdad0)
0x00000038686fdad0:   0000019affb7e380 00000000000003d8
0x00000038686fdae0:   0000019a9229ae58 0000019a902d4800
0x00000038686fdaf0:   0000019a00000001 00000038686fdb00
0x00000038686fdb00:   0000000000000000 4bfe4e036fddc324
0x00000038686fdb10:   10c98d76773d85b1 0000df3747a98683
0x00000038686fdb20:   00000038686fdbc8 0000019a8000f122
0x00000038686fdb30:   0000019a9229ae58 0000019a80009c10
0x00000038686fdb40:   0000019a80009c10 0000019a8000ee19
0x00000038686fdb50:   0000019a00000100 0000003800000008
0x00000038686fdb60:   0000000000000001 0000000000000000
0x00000038686fdb70:   0000019a80009c10 0000019a8000edd6
0x00000038686fdb80:   00000038686fdb80 0000019a9229ae58
0x00000038686fdb90:   00000038686fdc10 0000019a9229b718
0x00000038686fdba0:   0000000000000000 0000000086551350
0x00000038686fdbb0:   0000019a9229ae58 0000000000000000
0x00000038686fdbc0:   00000038686fdbe8 00000038686fdc60 

Instructions: (pc=0x00007ffb92af4e80)
0x00007ffb92af4e60:   4d 8b 10 48 8d 45 e0 44 8b 45 30 4c 8d 4d e8 48
0x00007ffb92af4e70:   89 44 24 28 8b d7 8b 45 40 49 8b cb 89 44 24 20
0x00007ffb92af4e80:   41 ff 92 88 00 00 00 85 c0 48 0f 49 5d e0 48 8b
0x00007ffb92af4e90:   c3 48 8b 4d f8 48 33 cc e8 13 3f 00 00 48 8b 5c 



---------------  P R O C E S S  ---------------

Threads class SMR info:
_java_thread_list=0x0000019ad6878fe0, length=46, elements={
0x0000019aff8ec800, 0x0000019aff8e2800, 0x0000019aff8fd000, 0x0000019aff8fd800,
0x0000019aff902000, 0x0000019aff903000, 0x0000019aff913800, 0x0000019aff924000,
0x0000019affb1f800, 0x0000019affb18800, 0x0000019affb19000, 0x0000019affb1c800,
0x0000019affb1a000, 0x0000019affb1a800, 0x0000019affb1b800, 0x0000019affb1e800,
0x0000019affb1d000, 0x0000019a902d1800, 0x0000019a902d2000, 0x0000019a902d3000,
0x0000019a902d3800, 0x0000019a902d4800, 0x0000019a902d5000, 0x0000019a902d6000,
0x0000019a902d7000, 0x0000019a902cf800, 0x0000019a902d7800, 0x0000019a902da000,
0x0000019a902db800, 0x0000019a902da800, 0x0000019a902de000, 0x0000019a902de800,
0x0000019ad328e000, 0x0000019ad3291000, 0x0000019ad328b000, 0x0000019ad328a000,
0x0000019ad328d000, 0x0000019ad328f000, 0x0000019ad3292000, 0x0000019ad328c800,
0x0000019ad328f800, 0x0000019ad3292800, 0x0000019ad3295000, 0x0000019ad3296000,
0x0000019ad3293800, 0x0000019ad3296800
}

Java Threads: ( => current thread )
  0x0000019aff8ec800 JavaThread "Reference Handler" daemon [_thread_blocked, id=10012, stack(0x0000003867000000,0x0000003867100000)]
  0x0000019aff8e2800 JavaThread "Finalizer" daemon [_thread_blocked, id=6816, stack(0x0000003867100000,0x0000003867200000)]
  0x0000019aff8fd000 JavaThread "Signal Dispatcher" daemon [_thread_blocked, id=6572, stack(0x0000003867200000,0x0000003867300000)]
  0x0000019aff8fd800 JavaThread "Attach Listener" daemon [_thread_blocked, id=12448, stack(0x0000003867300000,0x0000003867400000)]
  0x0000019aff902000 JavaThread "C2 CompilerThread0" daemon [_thread_blocked, id=5456, stack(0x0000003867400000,0x0000003867500000)]
  0x0000019aff903000 JavaThread "C2 CompilerThread1" daemon [_thread_blocked, id=9364, stack(0x0000003867500000,0x0000003867600000)]
  0x0000019aff913800 JavaThread "C1 CompilerThread2" daemon [_thread_blocked, id=6312, stack(0x0000003867600000,0x0000003867700000)]
  0x0000019aff924000 JavaThread "Sweeper thread" daemon [_thread_blocked, id=2720, stack(0x0000003867700000,0x0000003867800000)]
  0x0000019affb1f800 JavaThread "Service Thread" daemon [_thread_blocked, id=11788, stack(0x0000003867800000,0x0000003867900000)]
  0x0000019affb18800 JavaThread "Common-Cleaner" daemon [_thread_blocked, id=11116, stack(0x0000003867900000,0x0000003867a00000)]
  0x0000019affb19000 JavaThread "RMI TCP Accept-57605" daemon [_thread_in_native, id=12792, stack(0x0000003867b00000,0x0000003867c00000)]
  0x0000019affb1c800 JavaThread "RMI Reaper" [_thread_blocked, id=4588, stack(0x0000003867c00000,0x0000003867d00000)]
  0x0000019affb1a000 JavaThread "RMI GC Daemon" daemon [_thread_blocked, id=3660, stack(0x0000003867d00000,0x0000003867e00000)]
  0x0000019affb1a800 JavaThread "pool-1-thread-1" [_thread_blocked, id=14364, stack(0x0000003867e00000,0x0000003867f00000)]
  0x0000019affb1b800 JavaThread "DestroyJavaVM" [_thread_blocked, id=3144, stack(0x0000003866300000,0x0000003866400000)]
  0x0000019affb1e800 JavaThread "RMI TCP Connection(1)-127.0.0.1" daemon [_thread_in_native, id=11512, stack(0x0000003867f00000,0x0000003868000000)]
  0x0000019affb1d000 JavaThread "RMI Scheduler(0)" daemon [_thread_blocked, id=14992, stack(0x0000003868000000,0x0000003868100000)]
  0x0000019a902d1800 JavaThread "RMI TCP Connection(2)-127.0.0.1" daemon [_thread_blocked, id=12732, stack(0x0000003868200000,0x0000003868300000)]
  0x0000019a902d2000 JavaThread "Thread-1" daemon [_thread_blocked, id=5476, stack(0x0000003868300000,0x0000003868400000)]
  0x0000019a902d3000 JavaThread "JavaFX-Launcher" daemon [_thread_blocked, id=2732, stack(0x0000003868400000,0x0000003868500000)]
  0x0000019a902d3800 JavaThread "QuantumRenderer-0" daemon [_thread_blocked, id=3100, stack(0x0000003868500000,0x0000003868600000)]
=>0x0000019a902d4800 JavaThread "JavaFX Application Thread" daemon [_thread_in_native, id=10476, stack(0x0000003868600000,0x0000003868700000)]
  0x0000019a902d5000 JavaThread "Timer-0" daemon [_thread_blocked, id=2032, stack(0x0000003868700000,0x0000003868800000)]
  0x0000019a902d6000 JavaThread "Java2D Disposer" daemon [_thread_blocked, id=15056, stack(0x0000003868800000,0x0000003868900000)]
  0x0000019a902d7000 JavaThread "Prism Font Disposer" daemon [_thread_blocked, id=11392, stack(0x0000003868900000,0x0000003868a00000)]
  0x0000019a902cf800 JavaThread "Disposer" daemon [_thread_blocked, id=14188, stack(0x0000003868a00000,0x0000003868b00000)]
  0x0000019a902d7800 JavaThread "Thread-5" daemon [_thread_blocked, id=4420, stack(0x0000003868b00000,0x0000003868c00000)]
  0x0000019a902da000 JavaThread "URL-Loader-1" daemon [_thread_blocked, id=13236, stack(0x0000003868f00000,0x0000003869000000)]
  0x0000019a902db800 JavaThread "URL-Loader-2" daemon [_thread_blocked, id=12788, stack(0x0000003869100000,0x0000003869200000)]
  0x0000019a902da800 JavaThread "URL-Loader-3" daemon [_thread_blocked, id=10972, stack(0x0000003869200000,0x0000003869300000)]
  0x0000019a902de000 JavaThread "URL-Loader-4" daemon [_thread_blocked, id=5376, stack(0x0000003869300000,0x0000003869400000)]
  0x0000019a902de800 JavaThread "URL-Loader-5" daemon [_thread_blocked, id=15304, stack(0x0000003869400000,0x0000003869500000)]
  0x0000019ad328e000 JavaThread "URL-Loader-6" daemon [_thread_blocked, id=2136, stack(0x0000003869500000,0x0000003869600000)]
  0x0000019ad3291000 JavaThread "URL-Loader-7" daemon [_thread_blocked, id=5160, stack(0x0000003869600000,0x0000003869700000)]
  0x0000019ad328b000 JavaThread "URL-Loader-8" daemon [_thread_blocked, id=6244, stack(0x0000003869700000,0x0000003869800000)]
  0x0000019ad328a000 JavaThread "URL-Loader-9" daemon [_thread_blocked, id=4084, stack(0x0000003869800000,0x0000003869900000)]
  0x0000019ad328d000 JavaThread "URL-Loader-10" daemon [_thread_blocked, id=14492, stack(0x0000003869900000,0x0000003869a00000)]
  0x0000019ad328f000 JavaThread "URL-Loader-11" daemon [_thread_blocked, id=1684, stack(0x0000003869a00000,0x0000003869b00000)]
  0x0000019ad3292000 JavaThread "URL-Loader-12" daemon [_thread_blocked, id=14988, stack(0x0000003869b00000,0x0000003869c00000)]
  0x0000019ad328c800 JavaThread "URL-Loader-13" daemon [_thread_blocked, id=1096, stack(0x0000003869c00000,0x0000003869d00000)]
  0x0000019ad328f800 JavaThread "URL-Loader-14" daemon [_thread_blocked, id=9048, stack(0x0000003869d00000,0x0000003869e00000)]
  0x0000019ad3292800 JavaThread "URL-Loader-15" daemon [_thread_blocked, id=10360, stack(0x0000003869e00000,0x0000003869f00000)]
  0x0000019ad3295000 JavaThread "URL-Loader-16" daemon [_thread_blocked, id=3256, stack(0x000000386a000000,0x000000386a100000)]
  0x0000019ad3296000 JavaThread "URL-Loader-17" daemon [_thread_blocked, id=10700, stack(0x0000003868100000,0x0000003868200000)]
  0x0000019ad3293800 JavaThread "Thread-6" daemon [_thread_in_native, id=10480, stack(0x000000386a100000,0x000000386a200000)]
  0x0000019ad3296800 JavaThread "URL-Loader-18" daemon [_thread_blocked, id=8656, stack(0x000000386a200000,0x000000386a300000)]

Other Threads:
  0x0000019aff8d9000 VMThread "VM Thread" [stack: 0x0000003866f00000,0x0000003867000000] [id=6260]
  0x0000019affb28800 WatcherThread [stack: 0x0000003867a00000,0x0000003867b00000] [id=1380]
  0x0000019aed487800 GCTaskThread "GC Thread#0" [stack: 0x0000003866400000,0x0000003866500000] [id=6032]
  0x0000019aed48a000 GCTaskThread "GC Thread#1" [stack: 0x0000003866500000,0x0000003866600000] [id=6736]
  0x0000019aed48c800 GCTaskThread "GC Thread#2" [stack: 0x0000003866600000,0x0000003866700000] [id=10696]
  0x0000019aed48d800 GCTaskThread "GC Thread#3" [stack: 0x0000003866700000,0x0000003866800000] [id=984]
  0x0000019aed502000 ConcurrentGCThread "G1 Main Marker" [stack: 0x0000003866800000,0x0000003866900000] [id=1456]
  0x0000019aed504800 ConcurrentGCThread "G1 Conc#0" [stack: 0x0000003866900000,0x0000003866a00000] [id=12692]
  0x0000019aff766800 ConcurrentGCThread "G1 Refine#0" [stack: 0x0000003866a00000,0x0000003866b00000] [id=9132]
  0x0000019aff767000 ConcurrentGCThread "G1 Refine#1" [stack: 0x0000003866b00000,0x0000003866c00000] [id=7788]
  0x0000019aff768000 ConcurrentGCThread "G1 Refine#2" [stack: 0x0000003866c00000,0x0000003866d00000] [id=6776]
  0x0000019aff769800 ConcurrentGCThread "G1 Refine#3" [stack: 0x0000003866d00000,0x0000003866e00000] [id=8652]
  0x0000019aff76d800 ConcurrentGCThread "G1 Young RemSet Sampling" [stack: 0x0000003866e00000,0x0000003866f00000] [id=9600]

Threads with active compile tasks:

VM state:not at safepoint (normal execution)

VM Mutex/Monitor currently owned by a thread: None

Heap address: 0x0000000080000000, size: 2048 MB, Compressed Oops mode: 32-bit
Narrow klass base: 0x0000000000000000, Narrow klass shift: 3
Compressed class space size: 1073741824 Address: 0x0000000100000000

Heap:
 garbage-first heap   total 131072K, used 44125K [0x0000000080000000, 0x0000000100000000)
  region size 1024K, 20 young (20480K), 4 survivors (4096K)
 Metaspace       used 30932K, capacity 31939K, committed 32252K, reserved 1077248K
  class space    used 3569K, capacity 4011K, committed 4092K, reserved 1048576K
Heap Regions: E=young(eden), S=young(survivor), O=old, HS=humongous(starts), HC=humongous(continues), CS=collection set, F=free, A=archive, TS=gc time stamp, AC=allocation context, TAMS=top-at-mark-start (previous, next)
|   0|0x0000000080000000, 0x0000000080100000, 0x0000000080100000|100%| O|  |TS  0|AC  0|TAMS 0x0000000080100000, 0x0000000080100000|
|   1|0x0000000080100000, 0x0000000080200000, 0x0000000080200000|100%| O|  |TS  0|AC  0|TAMS 0x0000000080200000, 0x0000000080200000|
|   2|0x0000000080200000, 0x0000000080300000, 0x0000000080300000|100%| O|  |TS  0|AC  0|TAMS 0x0000000080300000, 0x0000000080300000|
|   3|0x0000000080300000, 0x0000000080400000, 0x0000000080400000|100%| O|  |TS  0|AC  0|TAMS 0x0000000080400000, 0x0000000080400000|
|   4|0x0000000080400000, 0x0000000080500000, 0x0000000080500000|100%| O|  |TS  0|AC  0|TAMS 0x0000000080500000, 0x0000000080500000|
|   5|0x0000000080500000, 0x0000000080600000, 0x0000000080600000|100%|HS|  |TS  1|AC  0|TAMS 0x0000000080500000, 0x0000000080500000|
|   6|0x0000000080600000, 0x0000000080700000, 0x0000000080700000|100%|HS|  |TS  1|AC  0|TAMS 0x0000000080600000, 0x0000000080600000|
|   7|0x0000000080700000, 0x0000000080700000, 0x0000000080800000|  0%| F|  |TS  1|AC  0|TAMS 0x0000000080700000, 0x0000000080700000|
|   8|0x0000000080800000, 0x0000000080800000, 0x0000000080900000|  0%| F|  |TS  1|AC  0|TAMS 0x0000000080800000, 0x0000000080800000|
|   9|0x0000000080900000, 0x0000000080a00000, 0x0000000080a00000|100%| O|  |TS  0|AC  0|TAMS 0x0000000080a00000, 0x0000000080a00000|
|  10|0x0000000080a00000, 0x0000000080b00000, 0x0000000080b00000|100%| O|  |TS  0|AC  0|TAMS 0x0000000080b00000, 0x0000000080b00000|
|  11|0x0000000080b00000, 0x0000000080b24200, 0x0000000080c00000| 14%| O|  |TS  1|AC  0|TAMS 0x0000000080b24200, 0x0000000080b24200|
|  12|0x0000000080c00000, 0x0000000080d00000, 0x0000000080d00000|100%|HS|  |TS  0|AC  0|TAMS 0x0000000080c00000, 0x0000000080c00000|
|  13|0x0000000080d00000, 0x0000000080e00000, 0x0000000080e00000|100%|HC|  |TS  0|AC  0|TAMS 0x0000000080d00000, 0x0000000080d00000|
|  14|0x0000000080e00000, 0x0000000080f00000, 0x0000000080f00000|100%|HC|  |TS  0|AC  0|TAMS 0x0000000080e00000, 0x0000000080e00000|
|  15|0x0000000080f00000, 0x0000000081000000, 0x0000000081000000|100%|HC|  |TS  0|AC  0|TAMS 0x0000000080f00000, 0x0000000080f00000|
|  16|0x0000000081000000, 0x0000000081100000, 0x0000000081100000|100%|HC|  |TS  0|AC  0|TAMS 0x0000000081000000, 0x0000000081000000|
|  17|0x0000000081100000, 0x0000000081200000, 0x0000000081200000|100%|HS|  |TS  0|AC  0|TAMS 0x0000000081100000, 0x0000000081100000|
|  18|0x0000000081200000, 0x0000000081300000, 0x0000000081300000|100%|HC|  |TS  0|AC  0|TAMS 0x0000000081200000, 0x0000000081200000|
|  19|0x0000000081300000, 0x0000000081400000, 0x0000000081400000|100%|HC|  |TS  0|AC  0|TAMS 0x0000000081300000, 0x0000000081300000|
|  20|0x0000000081400000, 0x0000000081500000, 0x0000000081500000|100%|HC|  |TS  0|AC  0|TAMS 0x0000000081400000, 0x0000000081400000|
|  21|0x0000000081500000, 0x0000000081600000, 0x0000000081600000|100%|HC|  |TS  0|AC  0|TAMS 0x0000000081500000, 0x0000000081500000|
|  22|0x0000000081600000, 0x0000000081700000, 0x0000000081700000|100%|HS|  |TS  0|AC  0|TAMS 0x0000000081600000, 0x0000000081600000|
|  23|0x0000000081700000, 0x0000000081800000, 0x0000000081800000|100%|HC|  |TS  0|AC  0|TAMS 0x0000000081700000, 0x0000000081700000|
|  24|0x0000000081800000, 0x0000000081900000, 0x0000000081900000|100%|HC|  |TS  0|AC  0|TAMS 0x0000000081800000, 0x0000000081800000|
|  25|0x0000000081900000, 0x0000000081a00000, 0x0000000081a00000|100%|HC|  |TS  0|AC  0|TAMS 0x0000000081900000, 0x0000000081900000|
|  26|0x0000000081a00000, 0x0000000081b00000, 0x0000000081b00000|100%|HC|  |TS  0|AC  0|TAMS 0x0000000081a00000, 0x0000000081a00000|
|  27|0x0000000081b00000, 0x0000000081b00000, 0x0000000081c00000|  0%| F|  |TS  0|AC  0|TAMS 0x0000000081b00000, 0x0000000081b00000|
|  28|0x0000000081c00000, 0x0000000081c00000, 0x0000000081d00000|  0%| F|  |TS  0|AC  0|TAMS 0x0000000081c00000, 0x0000000081c00000|
|  29|0x0000000081d00000, 0x0000000081d00000, 0x0000000081e00000|  0%| F|  |TS  0|AC  0|TAMS 0x0000000081d00000, 0x0000000081d00000|
|  30|0x0000000081e00000, 0x0000000081e00000, 0x0000000081f00000|  0%| F|  |TS  0|AC  0|TAMS 0x0000000081e00000, 0x0000000081e00000|
|  31|0x0000000081f00000, 0x0000000081f00000, 0x0000000082000000|  0%| F|  |TS  0|AC  0|TAMS 0x0000000081f00000, 0x0000000081f00000|
|  32|0x0000000082000000, 0x0000000082000000, 0x0000000082100000|  0%| F|  |TS  0|AC  0|TAMS 0x0000000082000000, 0x0000000082000000|
|  33|0x0000000082100000, 0x0000000082100000, 0x0000000082200000|  0%| F|  |TS  0|AC  0|TAMS 0x0000000082100000, 0x0000000082100000|
|  34|0x0000000082200000, 0x0000000082200000, 0x0000000082300000|  0%| F|  |TS  0|AC  0|TAMS 0x0000000082200000, 0x0000000082200000|
|  35|0x0000000082300000, 0x0000000082300000, 0x0000000082400000|  0%| F|  |TS  0|AC  0|TAMS 0x0000000082300000, 0x0000000082300000|
|  36|0x0000000082400000, 0x0000000082400000, 0x0000000082500000|  0%| F|  |TS  0|AC  0|TAMS 0x0000000082400000, 0x0000000082400000|
|  37|0x0000000082500000, 0x0000000082500000, 0x0000000082600000|  0%| F|  |TS  0|AC  0|TAMS 0x0000000082500000, 0x0000000082500000|
|  38|0x0000000082600000, 0x0000000082600000, 0x0000000082700000|  0%| F|  |TS  0|AC  0|TAMS 0x0000000082600000, 0x0000000082600000|
|  39|0x0000000082700000, 0x0000000082700000, 0x0000000082800000|  0%| F|  |TS  0|AC  0|TAMS 0x0000000082700000, 0x0000000082700000|
|  40|0x0000000082800000, 0x0000000082800000, 0x0000000082900000|  0%| F|  |TS  0|AC  0|TAMS 0x0000000082800000, 0x0000000082800000|
|  41|0x0000000082900000, 0x0000000082900000, 0x0000000082a00000|  0%| F|  |TS  0|AC  0|TAMS 0x0000000082900000, 0x0000000082900000|
|  42|0x0000000082a00000, 0x0000000082a00000, 0x0000000082b00000|  0%| F|  |TS  0|AC  0|TAMS 0x0000000082a00000, 0x0000000082a00000|
|  43|0x0000000082b00000, 0x0000000082b00000, 0x0000000082c00000|  0%| F|  |TS  0|AC  0|TAMS 0x0000000082b00000, 0x0000000082b00000|
|  44|0x0000000082c00000, 0x0000000082c00000, 0x0000000082d00000|  0%| F|  |TS  0|AC  0|TAMS 0x0000000082c00000, 0x0000000082c00000|
|  45|0x0000000082d00000, 0x0000000082d00000, 0x0000000082e00000|  0%| F|  |TS  0|AC  0|TAMS 0x0000000082d00000, 0x0000000082d00000|
|  46|0x0000000082e00000, 0x0000000082e00000, 0x0000000082f00000|  0%| F|  |TS  0|AC  0|TAMS 0x0000000082e00000, 0x0000000082e00000|
|  47|0x0000000082f00000, 0x0000000082f00000, 0x0000000083000000|  0%| F|  |TS  0|AC  0|TAMS 0x0000000082f00000, 0x0000000082f00000|
|  48|0x0000000083000000, 0x0000000083000000, 0x0000000083100000|  0%| F|  |TS  0|AC  0|TAMS 0x0000000083000000, 0x0000000083000000|
|  49|0x0000000083100000, 0x0000000083100000, 0x0000000083200000|  0%| F|  |TS  0|AC  0|TAMS 0x0000000083100000, 0x0000000083100000|
|  50|0x0000000083200000, 0x0000000083200000, 0x0000000083300000|  0%| F|  |TS  0|AC  0|TAMS 0x0000000083200000, 0x0000000083200000|
|  51|0x0000000083300000, 0x0000000083300000, 0x0000000083400000|  0%| F|  |TS  0|AC  0|TAMS 0x0000000083300000, 0x0000000083300000|
|  52|0x0000000083400000, 0x0000000083400000, 0x0000000083500000|  0%| F|  |TS  0|AC  0|TAMS 0x0000000083400000, 0x0000000083400000|
|  53|0x0000000083500000, 0x0000000083500000, 0x0000000083600000|  0%| F|  |TS  0|AC  0|TAMS 0x0000000083500000, 0x0000000083500000|
|  54|0x0000000083600000, 0x0000000083600000, 0x0000000083700000|  0%| F|  |TS  0|AC  0|TAMS 0x0000000083600000, 0x0000000083600000|
|  55|0x0000000083700000, 0x0000000083700000, 0x0000000083800000|  0%| F|  |TS  0|AC  0|TAMS 0x0000000083700000, 0x0000000083700000|
|  56|0x0000000083800000, 0x0000000083800000, 0x0000000083900000|  0%| F|  |TS  0|AC  0|TAMS 0x0000000083800000, 0x0000000083800000|
|  57|0x0000000083900000, 0x0000000083900000, 0x0000000083a00000|  0%| F|  |TS  0|AC  0|TAMS 0x0000000083900000, 0x0000000083900000|
|  58|0x0000000083a00000, 0x0000000083a00000, 0x0000000083b00000|  0%| F|  |TS  0|AC  0|TAMS 0x0000000083a00000, 0x0000000083a00000|
|  59|0x0000000083b00000, 0x0000000083b00000, 0x0000000083c00000|  0%| F|  |TS  0|AC  0|TAMS 0x0000000083b00000, 0x0000000083b00000|
|  60|0x0000000083c00000, 0x0000000083c00000, 0x0000000083d00000|  0%| F|  |TS  0|AC  0|TAMS 0x0000000083c00000, 0x0000000083c00000|
|  61|0x0000000083d00000, 0x0000000083d00000, 0x0000000083e00000|  0%| F|  |TS  0|AC  0|TAMS 0x0000000083d00000, 0x0000000083d00000|
|  62|0x0000000083e00000, 0x0000000083e00000, 0x0000000083f00000|  0%| F|  |TS  0|AC  0|TAMS 0x0000000083e00000, 0x0000000083e00000|
|  63|0x0000000083f00000, 0x0000000083f00000, 0x0000000084000000|  0%| F|  |TS  0|AC  0|TAMS 0x0000000083f00000, 0x0000000083f00000|
|  64|0x0000000084000000, 0x0000000084000000, 0x0000000084100000|  0%| F|  |TS  0|AC  0|TAMS 0x0000000084000000, 0x0000000084000000|
|  65|0x0000000084100000, 0x0000000084100000, 0x0000000084200000|  0%| F|  |TS  0|AC  0|TAMS 0x0000000084100000, 0x0000000084100000|
|  66|0x0000000084200000, 0x0000000084200000, 0x0000000084300000|  0%| F|  |TS  0|AC  0|TAMS 0x0000000084200000, 0x0000000084200000|
|  67|0x0000000084300000, 0x0000000084300000, 0x0000000084400000|  0%| F|  |TS  0|AC  0|TAMS 0x0000000084300000, 0x0000000084300000|
|  68|0x0000000084400000, 0x0000000084400000, 0x0000000084500000|  0%| F|  |TS  0|AC  0|TAMS 0x0000000084400000, 0x0000000084400000|
|  69|0x0000000084500000, 0x0000000084500000, 0x0000000084600000|  0%| F|  |TS  0|AC  0|TAMS 0x0000000084500000, 0x0000000084500000|
|  70|0x0000000084600000, 0x0000000084600000, 0x0000000084700000|  0%| F|  |TS  0|AC  0|TAMS 0x0000000084600000, 0x0000000084600000|
|  71|0x0000000084700000, 0x0000000084700000, 0x0000000084800000|  0%| F|  |TS  0|AC  0|TAMS 0x0000000084700000, 0x0000000084700000|
|  72|0x0000000084800000, 0x0000000084800000, 0x0000000084900000|  0%| F|  |TS  0|AC  0|TAMS 0x0000000084800000, 0x0000000084800000|
|  73|0x0000000084900000, 0x0000000084900000, 0x0000000084a00000|  0%| F|  |TS  0|AC  0|TAMS 0x0000000084900000, 0x0000000084900000|
|  74|0x0000000084a00000, 0x0000000084a00000, 0x0000000084b00000|  0%| F|  |TS  0|AC  0|TAMS 0x0000000084a00000, 0x0000000084a00000|
|  75|0x0000000084b00000, 0x0000000084b00000, 0x0000000084c00000|  0%| F|  |TS  0|AC  0|TAMS 0x0000000084b00000, 0x0000000084b00000|
|  76|0x0000000084c00000, 0x0000000084c00000, 0x0000000084d00000|  0%| F|  |TS  0|AC  0|TAMS 0x0000000084c00000, 0x0000000084c00000|
|  77|0x0000000084d00000, 0x0000000084d00000, 0x0000000084e00000|  0%| F|  |TS  0|AC  0|TAMS 0x0000000084d00000, 0x0000000084d00000|
|  78|0x0000000084e00000, 0x0000000084e00000, 0x0000000084f00000|  0%| F|  |TS  0|AC  0|TAMS 0x0000000084e00000, 0x0000000084e00000|
|  79|0x0000000084f00000, 0x0000000084f00000, 0x0000000085000000|  0%| F|  |TS  0|AC  0|TAMS 0x0000000084f00000, 0x0000000084f00000|
|  80|0x0000000085000000, 0x0000000085000000, 0x0000000085100000|  0%| F|  |TS  0|AC  0|TAMS 0x0000000085000000, 0x0000000085000000|
|  81|0x0000000085100000, 0x0000000085100000, 0x0000000085200000|  0%| F|  |TS  0|AC  0|TAMS 0x0000000085100000, 0x0000000085100000|
|  82|0x0000000085200000, 0x0000000085200000, 0x0000000085300000|  0%| F|  |TS  0|AC  0|TAMS 0x0000000085200000, 0x0000000085200000|
|  83|0x0000000085300000, 0x0000000085300000, 0x0000000085400000|  0%| F|  |TS  0|AC  0|TAMS 0x0000000085300000, 0x0000000085300000|
|  84|0x0000000085400000, 0x0000000085400000, 0x0000000085500000|  0%| F|  |TS  0|AC  0|TAMS 0x0000000085400000, 0x0000000085400000|
|  85|0x0000000085500000, 0x0000000085500000, 0x0000000085600000|  0%| F|  |TS  0|AC  0|TAMS 0x0000000085500000, 0x0000000085500000|
|  86|0x0000000085600000, 0x0000000085600000, 0x0000000085700000|  0%| F|  |TS  0|AC  0|TAMS 0x0000000085600000, 0x0000000085600000|
|  87|0x0000000085700000, 0x0000000085700000, 0x0000000085800000|  0%| F|  |TS  0|AC  0|TAMS 0x0000000085700000, 0x0000000085700000|
|  88|0x0000000085800000, 0x0000000085800000, 0x0000000085900000|  0%| F|  |TS  0|AC  0|TAMS 0x0000000085800000, 0x0000000085800000|
|  89|0x0000000085900000, 0x0000000085900000, 0x0000000085a00000|  0%| F|  |TS  0|AC  0|TAMS 0x0000000085900000, 0x0000000085900000|
|  90|0x0000000085a00000, 0x0000000085a00000, 0x0000000085b00000|  0%| F|  |TS  0|AC  0|TAMS 0x0000000085a00000, 0x0000000085a00000|
|  91|0x0000000085b00000, 0x0000000085b00000, 0x0000000085c00000|  0%| F|  |TS  0|AC  0|TAMS 0x0000000085b00000, 0x0000000085b00000|
|  92|0x0000000085c00000, 0x0000000085c00000, 0x0000000085d00000|  0%| F|  |TS  0|AC  0|TAMS 0x0000000085c00000, 0x0000000085c00000|
|  93|0x0000000085d00000, 0x0000000085d00000, 0x0000000085e00000|  0%| F|  |TS  0|AC  0|TAMS 0x0000000085d00000, 0x0000000085d00000|
|  94|0x0000000085e00000, 0x0000000085e00000, 0x0000000085f00000|  0%| F|  |TS  0|AC  0|TAMS 0x0000000085e00000, 0x0000000085e00000|
|  95|0x0000000085f00000, 0x0000000085f00000, 0x0000000086000000|  0%| F|  |TS  0|AC  0|TAMS 0x0000000085f00000, 0x0000000085f00000|
|  96|0x0000000086000000, 0x0000000086000000, 0x0000000086100000|  0%| F|  |TS  0|AC  0|TAMS 0x0000000086000000, 0x0000000086000000|
|  97|0x0000000086100000, 0x0000000086100000, 0x0000000086200000|  0%| F|  |TS  0|AC  0|TAMS 0x0000000086100000, 0x0000000086100000|
|  98|0x0000000086200000, 0x00000000862f3240, 0x0000000086300000| 94%| S|CS|TS  1|AC  0|TAMS 0x0000000086200000, 0x0000000086200000|
|  99|0x0000000086300000, 0x0000000086400000, 0x0000000086400000|100%| S|CS|TS  1|AC  0|TAMS 0x0000000086300000, 0x0000000086300000|
| 100|0x0000000086400000, 0x0000000086500000, 0x0000000086500000|100%| S|CS|TS  1|AC  0|TAMS 0x0000000086400000, 0x0000000086400000|
| 101|0x0000000086500000, 0x0000000086600000, 0x0000000086600000|100%| S|CS|TS  1|AC  0|TAMS 0x0000000086500000, 0x0000000086500000|
| 102|0x0000000086600000, 0x0000000086600000, 0x0000000086700000|  0%| F|  |TS  1|AC  0|TAMS 0x0000000086600000, 0x0000000086600000|
| 103|0x0000000086700000, 0x0000000086700000, 0x0000000086800000|  0%| F|  |TS  1|AC  0|TAMS 0x0000000086700000, 0x0000000086700000|
| 104|0x0000000086800000, 0x0000000086800000, 0x0000000086900000|  0%| F|  |TS  1|AC  0|TAMS 0x0000000086800000, 0x0000000086800000|
| 105|0x0000000086900000, 0x0000000086900000, 0x0000000086a00000|  0%| F|  |TS  1|AC  0|TAMS 0x0000000086900000, 0x0000000086900000|
| 106|0x0000000086a00000, 0x0000000086a00000, 0x0000000086b00000|  0%| F|  |TS  1|AC  0|TAMS 0x0000000086a00000, 0x0000000086a00000|
| 107|0x0000000086b00000, 0x0000000086b00000, 0x0000000086c00000|  0%| F|  |TS  1|AC  0|TAMS 0x0000000086b00000, 0x0000000086b00000|
| 108|0x0000000086c00000, 0x0000000086c00000, 0x0000000086d00000|  0%| F|  |TS  1|AC  0|TAMS 0x0000000086c00000, 0x0000000086c00000|
| 109|0x0000000086d00000, 0x0000000086d00000, 0x0000000086e00000|  0%| F|  |TS  1|AC  0|TAMS 0x0000000086d00000, 0x0000000086d00000|
| 110|0x0000000086e00000, 0x0000000086e00000, 0x0000000086f00000|  0%| F|  |TS  1|AC  0|TAMS 0x0000000086e00000, 0x0000000086e00000|
| 111|0x0000000086f00000, 0x0000000086f00000, 0x0000000087000000|  0%| F|  |TS  1|AC  0|TAMS 0x0000000086f00000, 0x0000000086f00000|
| 112|0x0000000087000000, 0x0000000087085dc8, 0x0000000087100000| 52%| E|  |TS  1|AC  0|TAMS 0x0000000087000000, 0x0000000087000000|
| 113|0x0000000087100000, 0x0000000087200000, 0x0000000087200000|100%| E|CS|TS  1|AC  0|TAMS 0x0000000087100000, 0x0000000087100000|
| 114|0x0000000087200000, 0x0000000087300000, 0x0000000087300000|100%| E|CS|TS  1|AC  0|TAMS 0x0000000087200000, 0x0000000087200000|
| 115|0x0000000087300000, 0x0000000087400000, 0x0000000087400000|100%| E|CS|TS  1|AC  0|TAMS 0x0000000087300000, 0x0000000087300000|
| 116|0x0000000087400000, 0x0000000087500000, 0x0000000087500000|100%| E|CS|TS  1|AC  0|TAMS 0x0000000087400000, 0x0000000087400000|
| 117|0x0000000087500000, 0x0000000087600000, 0x0000000087600000|100%| E|CS|TS  1|AC  0|TAMS 0x0000000087500000, 0x0000000087500000|
| 118|0x0000000087600000, 0x0000000087700000, 0x0000000087700000|100%| E|CS|TS  1|AC  0|TAMS 0x0000000087600000, 0x0000000087600000|
| 119|0x0000000087700000, 0x0000000087800000, 0x0000000087800000|100%| E|CS|TS  1|AC  0|TAMS 0x0000000087700000, 0x0000000087700000|
| 120|0x0000000087800000, 0x0000000087900000, 0x0000000087900000|100%| E|CS|TS  1|AC  0|TAMS 0x0000000087800000, 0x0000000087800000|
| 121|0x0000000087900000, 0x0000000087a00000, 0x0000000087a00000|100%| E|CS|TS  1|AC  0|TAMS 0x0000000087900000, 0x0000000087900000|
| 122|0x0000000087a00000, 0x0000000087b00000, 0x0000000087b00000|100%| E|CS|TS  1|AC  0|TAMS 0x0000000087a00000, 0x0000000087a00000|
| 123|0x0000000087b00000, 0x0000000087c00000, 0x0000000087c00000|100%| E|CS|TS  1|AC  0|TAMS 0x0000000087b00000, 0x0000000087b00000|
| 124|0x0000000087c00000, 0x0000000087d00000, 0x0000000087d00000|100%| E|CS|TS  1|AC  0|TAMS 0x0000000087c00000, 0x0000000087c00000|
| 125|0x0000000087d00000, 0x0000000087e00000, 0x0000000087e00000|100%| E|CS|TS  1|AC  0|TAMS 0x0000000087d00000, 0x0000000087d00000|
| 126|0x0000000087e00000, 0x0000000087f00000, 0x0000000087f00000|100%| E|CS|TS  1|AC  0|TAMS 0x0000000087e00000, 0x0000000087e00000|
| 127|0x0000000087f00000, 0x0000000088000000, 0x0000000088000000|100%| E|CS|TS  1|AC  0|TAMS 0x0000000087f00000, 0x0000000087f00000|

Card table byte_map: [0x0000019af8c00000,0x0000019af9000000] byte_map_base: 0x0000019af8800000

Marking Bits (Prev, Next): (CMBitMap*) 0x0000019aed501088, (CMBitMap*) 0x0000019aed501050
 Prev Bits: [0x0000019afb400000, 0x0000019afd400000)
 Next Bits: [0x0000019af9400000, 0x0000019afb400000)

Polling page: 0x0000019aeb1b0000

CodeHeap 'non-profiled nmethods': size=120064Kb used=1429Kb max_used=1439Kb free=118634Kb
 bounds [0x0000019a87ac0000, 0x0000019a87d30000, 0x0000019a8f000000]
CodeHeap 'profiled nmethods': size=120000Kb used=6054Kb max_used=6054Kb free=113945Kb
 bounds [0x0000019a80590000, 0x0000019a80b80000, 0x0000019a87ac0000]
CodeHeap 'non-nmethods': size=5696Kb used=1378Kb max_used=1428Kb free=4317Kb
 bounds [0x0000019a80000000, 0x0000019a80270000, 0x0000019a80590000]
 total_blobs=5082 nmethods=2989 adapters=754
 compilation: enabled

Compilation events (10 events):
Event: 15.324 Thread 0x0000019aff913800 3360       1       com.sun.javafx.geom.RectBounds::getMinX (5 bytes)
Event: 15.325 Thread 0x0000019aff913800 nmethod 3360 0x0000019a87bb2e90 code [0x0000019a87bb3040, 0x0000019a87bb3158]
Event: 15.325 Thread 0x0000019aff913800 3361       3       java.lang.Math::min (46 bytes)
Event: 15.326 Thread 0x0000019aff913800 nmethod 3361 0x0000019a80b7d590 code [0x0000019a80b7d760, 0x0000019a80b7dab8]
Event: 15.330 Thread 0x0000019aff913800 3362       1       com.sun.javafx.geom.RectBounds::getMinY (5 bytes)
Event: 15.331 Thread 0x0000019aff913800 nmethod 3362 0x0000019a87bb2a10 code [0x0000019a87bb2bc0, 0x0000019a87bb2cd8]
Event: 15.342 Thread 0x0000019aff913800 3363       3       com.sun.pisces.GradientColorMap::pad (96 bytes)
Event: 15.344 Thread 0x0000019aff913800 nmethod 3363 0x0000019a80b7db90 code [0x0000019a80b7dd80, 0x0000019a80b7e1a0]
Event: 15.344 Thread 0x0000019aff913800 3364       3       com.sun.pisces.GradientColorMap::findStop (33 bytes)
Event: 15.345 Thread 0x0000019aff913800 nmethod 3364 0x0000019a80b7e290 code [0x0000019a80b7e460, 0x0000019a80b7e6d8]

GC Heap History (10 events):
Event: 2.359 GC heap before
{Heap before GC invocations=0 (full 0):
 garbage-first heap   total 131072K, used 14336K [0x0000000080000000, 0x0000000100000000)
  region size 1024K, 14 young (14336K), 0 survivors (0K)
 Metaspace       used 12254K, capacity 12521K, committed 12672K, reserved 1060864K
  class space    used 1170K, capacity 1315K, committed 1408K, reserved 1048576K
}
Event: 2.385 GC heap after
{Heap after GC invocations=1 (full 0):
 garbage-first heap   total 131072K, used 4521K [0x0000000080000000, 0x0000000100000000)
  region size 1024K, 2 young (2048K), 2 survivors (2048K)
 Metaspace       used 12254K, capacity 12521K, committed 12672K, reserved 1060864K
  class space    used 1170K, capacity 1315K, committed 1408K, reserved 1048576K
}
Event: 2.909 GC heap before
{Heap before GC invocations=1 (full 0):
 garbage-first heap   total 131072K, used 9641K [0x0000000080000000, 0x0000000100000000)
  region size 1024K, 7 young (7168K), 2 survivors (2048K)
 Metaspace       used 14704K, capacity 15118K, committed 15232K, reserved 1062912K
  class space    used 1440K, capacity 1604K, committed 1664K, reserved 1048576K
}
Event: 2.915 GC heap after
{Heap after GC invocations=2 (full 0):
 garbage-first heap   total 131072K, used 5558K [0x0000000080000000, 0x0000000100000000)
  region size 1024K, 1 young (1024K), 1 survivors (1024K)
 Metaspace       used 14704K, capacity 15118K, committed 15232K, reserved 1062912K
  class space    used 1440K, capacity 1604K, committed 1664K, reserved 1048576K
}
Event: 4.647 GC heap before
{Heap before GC invocations=2 (full 0):
 garbage-first heap   total 131072K, used 26038K [0x0000000080000000, 0x0000000100000000)
  region size 1024K, 19 young (19456K), 1 survivors (1024K)
 Metaspace       used 18440K, capacity 18880K, committed 19200K, reserved 1067008K
  class space    used 1794K, capacity 1974K, committed 2048K, reserved 1048576K
}
Event: 4.674 GC heap after
{Heap after GC invocations=3 (full 0):
 garbage-first heap   total 131072K, used 7409K [0x0000000080000000, 0x0000000100000000)
  region size 1024K, 3 young (3072K), 3 survivors (3072K)
 Metaspace       used 18440K, capacity 18880K, committed 19200K, reserved 1067008K
  class space    used 1794K, capacity 1974K, committed 2048K, reserved 1048576K
}
Event: 7.001 GC heap before
{Heap before GC invocations=3 (full 0):
 garbage-first heap   total 131072K, used 15601K [0x0000000080000000, 0x0000000100000000)
  region size 1024K, 8 young (8192K), 3 survivors (3072K)
 Metaspace       used 20660K, capacity 21086K, committed 21248K, reserved 1069056K
  class space    used 2073K, capacity 2278K, committed 2304K, reserved 1048576K
}
Event: 7.007 GC heap after
{Heap after GC invocations=4 (full 0):
 garbage-first heap   total 131072K, used 12029K [0x0000000080000000, 0x0000000100000000)
  region size 1024K, 1 young (1024K), 1 survivors (1024K)
 Metaspace       used 20660K, capacity 21086K, committed 21248K, reserved 1069056K
  class space    used 2073K, capacity 2278K, committed 2304K, reserved 1048576K
}
Event: 12.622 GC heap before
{Heap before GC invocations=5 (full 0):
 garbage-first heap   total 131072K, used 52989K [0x0000000080000000, 0x0000000100000000)
  region size 1024K, 26 young (26624K), 1 survivors (1024K)
 Metaspace       used 30010K, capacity 30930K, committed 31100K, reserved 1077248K
  class space    used 3490K, capacity 3920K, committed 3964K, reserved 1048576K
}
Event: 12.654 GC heap after
{Heap after GC invocations=6 (full 0):
 garbage-first heap   total 131072K, used 26717K [0x0000000080000000, 0x0000000100000000)
  region size 1024K, 4 young (4096K), 4 survivors (4096K)
 Metaspace       used 30010K, capacity 30930K, committed 31100K, reserved 1077248K
  class space    used 3490K, capacity 3920K, committed 3964K, reserved 1048576K
}

Deoptimization events (10 events):
Event: 11.340 Thread 0x0000019a902d4800 Uncommon trap: reason=unstable_if action=reinterpret pc=0x0000019a87b2ad20 method=java.io.WinNTFileSystem.normalize(Ljava/lang/String;)Ljava/lang/String; @ 128 c2
Event: 11.923 Thread 0x0000019a902da000 Uncommon trap: reason=unstable_if action=reinterpret pc=0x0000019a87b8bfa8 method=java.lang.String.regionMatches(ILjava/lang/String;II)Z @ 60 c2
Event: 12.234 Thread 0x0000019a902da000 Uncommon trap: reason=unstable_if action=reinterpret pc=0x0000019a87bc3f0c method=java.io.ByteArrayInputStream.read([BII)I @ 70 c2
Event: 12.296 Thread 0x0000019a902da000 Uncommon trap: reason=unstable_if action=reinterpret pc=0x0000019a87b1a688 method=java.lang.AbstractStringBuilder.putStringAt(ILjava/lang/String;)V @ 8 c2
Event: 12.308 Thread 0x0000019a902da000 Uncommon trap: reason=unstable_if action=reinterpret pc=0x0000019a87b6ffe4 method=java.lang.AbstractStringBuilder.appendChars(Ljava/lang/CharSequence;II)V @ 43 c2
Event: 12.372 Thread 0x0000019a902da000 Uncommon trap: reason=predicate action=maybe_recompile pc=0x0000019a87b664f4 method=java.util.regex.Pattern$Slice.match(Ljava/util/regex/Matcher;ILjava/lang/CharSequence;)Z @ 21 c2
Event: 12.475 Thread 0x0000019a902da000 Uncommon trap: reason=unstable_if action=reinterpret pc=0x0000019a87b6d7b4 method=java.lang.AbstractStringBuilder.appendChars(Ljava/lang/CharSequence;II)V @ 43 c2
Event: 12.477 Thread 0x0000019a902da000 Uncommon trap: reason=unstable_if action=reinterpret pc=0x0000019a87b62998 method=java.lang.StringCoding.encodeUTF8_UTF16([BZ)[B @ 35 c2
Event: 12.477 Thread 0x0000019a902da000 Uncommon trap: reason=unstable_if action=reinterpret pc=0x0000019a87b63b98 method=java.lang.StringCoding.encodeUTF8_UTF16([BZ)[B @ 57 c2
Event: 14.200 Thread 0x0000019a902d4800 Uncommon trap: reason=unstable_if action=reinterpret pc=0x0000019a87b3c558 method=java.io.ByteArrayInputStream.read()I @ 8 c2

Classes redefined (0 events):
No events

Internal exceptions (10 events):
Event: 15.066 Thread 0x0000019ad3296000 Exception <a 'java/io/FileNotFoundException'{0x00000000872c8a38}> (0x00000000872c8a38) thrown at [t:/workspace/open/src/hotspot/share/prims/jni.cpp, line 611]
Event: 15.105 Thread 0x0000019a902d4800 Exception <a 'java/io/FileNotFoundException'{0x0000000087342f58}> (0x0000000087342f58) thrown at [t:/workspace/open/src/hotspot/share/prims/jni.cpp, line 611]
Event: 15.109 Thread 0x0000019ad3296800 Exception <a 'java/io/FileNotFoundException'{0x00000000872e4210}> (0x00000000872e4210) thrown at [t:/workspace/open/src/hotspot/share/prims/jni.cpp, line 611]
Event: 15.109 Thread 0x0000019a902d4800 Exception <a 'java/io/FileNotFoundException'{0x0000000087346058}> (0x0000000087346058) thrown at [t:/workspace/open/src/hotspot/share/prims/jni.cpp, line 611]
Event: 15.122 Thread 0x0000019a902d4800 Exception <a 'java/io/FileNotFoundException'{0x0000000087349a00}> (0x0000000087349a00) thrown at [t:/workspace/open/src/hotspot/share/prims/jni.cpp, line 611]
Event: 15.125 Thread 0x0000019a902d4800 Exception <a 'java/io/FileNotFoundException'{0x000000008734a808}> (0x000000008734a808) thrown at [t:/workspace/open/src/hotspot/share/prims/jni.cpp, line 611]
Event: 15.186 Thread 0x0000019a902d4800 Exception <a 'java/io/FileNotFoundException'{0x0000000087011e00}> (0x0000000087011e00) thrown at [t:/workspace/open/src/hotspot/share/prims/jni.cpp, line 611]
Event: 15.186 Thread 0x0000019a902d4800 Exception <a 'java/io/FileNotFoundException'{0x0000000087012c08}> (0x0000000087012c08) thrown at [t:/workspace/open/src/hotspot/share/prims/jni.cpp, line 611]
Event: 15.186 Thread 0x0000019a902d4800 Exception <a 'java/io/FileNotFoundException'{0x0000000087013a28}> (0x0000000087013a28) thrown at [t:/workspace/open/src/hotspot/share/prims/jni.cpp, line 611]
Event: 15.186 Thread 0x0000019a902d4800 Exception <a 'java/io/FileNotFoundException'{0x0000000087014830}> (0x0000000087014830) thrown at [t:/workspace/open/src/hotspot/share/prims/jni.cpp, line 611]

Events (10 events):
Event: 14.949 Thread 0x0000019ad3296000 DEOPT PACKING pc=0x0000019a80886219 sp=0x00000038681fbaf0
Event: 14.949 Thread 0x0000019ad3296000 DEOPT UNPACKING pc=0x0000019a80027abf sp=0x00000038681faf70 mode 0
Event: 14.990 Thread 0x0000019ad3293800 Thread added: 0x0000019ad3293800
Event: 14.990 loading class java/nio/file/InvalidPathException
Event: 14.991 loading class java/nio/file/InvalidPathException done
Event: 15.032 Thread 0x0000019ad3296800 Thread added: 0x0000019ad3296800
Event: 15.334 loading class com/sun/prism/paint/Stop
Event: 15.334 loading class com/sun/prism/paint/Stop done
Event: 15.334 loading class com/sun/prism/paint/Stop
Event: 15.334 loading class com/sun/prism/paint/Stop done


Dynamic libraries:
0x00007ff771cd0000 - 0x00007ff771d0e000 	C:\Program Files\Java\jdk-10.0.2\bin\java.exe
0x00007ffba32c0000 - 0x00007ffba34a1000 	C:\WINDOWS\SYSTEM32\ntdll.dll
0x00007ffba0cc0000 - 0x00007ffba0d72000 	C:\WINDOWS\System32\KERNEL32.DLL
0x00007ffb9f760000 - 0x00007ffb9f9d3000 	C:\WINDOWS\System32\KERNELBASE.dll
0x00007ffba0d80000 - 0x00007ffba0e21000 	C:\WINDOWS\System32\ADVAPI32.dll
0x00007ffba0750000 - 0x00007ffba07ee000 	C:\WINDOWS\System32\msvcrt.dll
0x00007ffba0ff0000 - 0x00007ffba104b000 	C:\WINDOWS\System32\sechost.dll
0x00007ffba12a0000 - 0x00007ffba13c4000 	C:\WINDOWS\System32\RPCRT4.dll
0x00007ffba10b0000 - 0x00007ffba1240000 	C:\WINDOWS\System32\USER32.dll
0x00007ffb9f690000 - 0x00007ffb9f6b0000 	C:\WINDOWS\System32\win32u.dll
0x00007ffba0ed0000 - 0x00007ffba0ef8000 	C:\WINDOWS\System32\GDI32.dll
0x00007ffb9fa80000 - 0x00007ffb9fc12000 	C:\WINDOWS\System32\gdi32full.dll
0x00007ffb9f9e0000 - 0x00007ffb9fa7f000 	C:\WINDOWS\System32\msvcp_win.dll
0x00007ffb9ff40000 - 0x00007ffba003a000 	C:\WINDOWS\System32\ucrtbase.dll
0x00007ffb92870000 - 0x00007ffb92ad9000 	C:\WINDOWS\WinSxS\amd64_microsoft.windows.common-controls_6595b64144ccf1df_6.0.17134.523_none_fb409dd930672a56\COMCTL32.dll
0x00007ffb9a5b0000 - 0x00007ffb9a5ba000 	C:\WINDOWS\SYSTEM32\VERSION.dll
0x00007ffba07f0000 - 0x00007ffba0b12000 	C:\WINDOWS\System32\combase.dll
0x00007ffb9fc20000 - 0x00007ffb9fc9a000 	C:\WINDOWS\System32\bcryptPrimitives.dll
0x00007ffba2880000 - 0x00007ffba28ad000 	C:\WINDOWS\System32\IMM32.DLL
0x00007ffb97b50000 - 0x00007ffb97c3f000 	C:\Program Files\Java\jdk-10.0.2\bin\msvcr120.dll
0x00007ffb97a80000 - 0x00007ffb97b26000 	C:\Program Files\Java\jdk-10.0.2\bin\msvcp120.dll
0x000000006bc50000 - 0x000000006c6c0000 	C:\Program Files\Java\jdk-10.0.2\bin\server\jvm.dll
0x00007ffba31d0000 - 0x00007ffba31d8000 	C:\WINDOWS\System32\PSAPI.DLL
0x00007ffb904d0000 - 0x00007ffb904d9000 	C:\WINDOWS\SYSTEM32\WSOCK32.dll
0x00007ffb9ae00000 - 0x00007ffb9ae23000 	C:\WINDOWS\SYSTEM32\WINMM.dll
0x00007ffba2b00000 - 0x00007ffba2b6c000 	C:\WINDOWS\System32\WS2_32.dll
0x00007ffb9add0000 - 0x00007ffb9adfa000 	C:\WINDOWS\SYSTEM32\winmmbase.dll
0x00007ffb9fef0000 - 0x00007ffb9ff39000 	C:\WINDOWS\System32\cfgmgr32.dll
0x00007ffb9b260000 - 0x00007ffb9b26f000 	C:\Program Files\Java\jdk-10.0.2\bin\verify.dll
0x00007ffb8a9d0000 - 0x00007ffb8ab99000 	C:\WINDOWS\SYSTEM32\DBGHELP.DLL
0x00007ffb8a9a0000 - 0x00007ffb8a9c9000 	C:\WINDOWS\SYSTEM32\dbgcore.DLL
0x00007ffb97cb0000 - 0x00007ffb97cd7000 	C:\Program Files\Java\jdk-10.0.2\bin\java.dll
0x00007ffb98230000 - 0x00007ffb98246000 	C:\Program Files\Java\jdk-10.0.2\bin\zip.dll
0x00007ffb9adc0000 - 0x00007ffb9adca000 	C:\Program Files\Java\jdk-10.0.2\bin\jimage.dll
0x00007ffba13d0000 - 0x00007ffba2810000 	C:\WINDOWS\System32\SHELL32.dll
0x00007ffba31e0000 - 0x00007ffba3289000 	C:\WINDOWS\System32\shcore.dll
0x00007ffba0040000 - 0x00007ffba074d000 	C:\WINDOWS\System32\windows.storage.dll
0x00007ffba1240000 - 0x00007ffba1291000 	C:\WINDOWS\System32\shlwapi.dll
0x00007ffb9f670000 - 0x00007ffb9f681000 	C:\WINDOWS\System32\kernel.appcore.dll
0x00007ffb9f5d0000 - 0x00007ffb9f5ef000 	C:\WINDOWS\System32\profapi.dll
0x00007ffb9f600000 - 0x00007ffb9f64c000 	C:\WINDOWS\System32\powrprof.dll
0x00007ffb9f5f0000 - 0x00007ffb9f5fa000 	C:\WINDOWS\System32\FLTLIB.DLL
0x00007ffb97ed0000 - 0x00007ffb97eea000 	C:\Program Files\Java\jdk-10.0.2\bin\net.dll
0x00007ffb9b680000 - 0x00007ffb9b75d000 	C:\WINDOWS\SYSTEM32\WINHTTP.dll
0x00007ffb9eda0000 - 0x00007ffb9ee06000 	C:\WINDOWS\system32\mswsock.dll
0x00007ffb97ea0000 - 0x00007ffb97eb1000 	C:\Program Files\Java\jdk-10.0.2\bin\nio.dll
0x00007ffb9f350000 - 0x00007ffb9f367000 	C:\WINDOWS\SYSTEM32\CRYPTSP.dll
0x00007ffb9e990000 - 0x00007ffb9e9c3000 	C:\WINDOWS\system32\rsaenh.dll
0x00007ffb9f170000 - 0x00007ffb9f195000 	C:\WINDOWS\SYSTEM32\bcrypt.dll
0x00007ffb9f500000 - 0x00007ffb9f528000 	C:\WINDOWS\SYSTEM32\USERENV.dll
0x00007ffb9ef60000 - 0x00007ffb9ef6b000 	C:\WINDOWS\SYSTEM32\CRYPTBASE.dll
0x00007ffb9eb30000 - 0x00007ffb9eb68000 	C:\WINDOWS\SYSTEM32\IPHLPAPI.DLL
0x00007ffba2810000 - 0x00007ffba2818000 	C:\WINDOWS\System32\NSI.dll
0x00007ffb98e20000 - 0x00007ffb98e36000 	C:\WINDOWS\SYSTEM32\dhcpcsvc6.DLL
0x00007ffb98b50000 - 0x00007ffb98b6a000 	C:\WINDOWS\SYSTEM32\dhcpcsvc.DLL
0x00007ffb9acd0000 - 0x00007ffb9acd7000 	C:\Program Files\Java\jdk-10.0.2\bin\rmi.dll
0x00007ffb96f80000 - 0x00007ffb96f8b000 	C:\Program Files\Java\jdk-10.0.2\bin\sunmscapi.dll
0x00007ffb9fd00000 - 0x00007ffb9fee2000 	C:\WINDOWS\System32\CRYPT32.dll
0x00007ffb9f650000 - 0x00007ffb9f662000 	C:\WINDOWS\System32\MSASN1.dll
0x00007ffb93280000 - 0x00007ffb932a3000 	C:\Program Files\Java\jdk-10.0.2\bin\sunec.dll
0x00007ffb9eb70000 - 0x00007ffb9ec2e000 	C:\WINDOWS\SYSTEM32\DNSAPI.dll
0x000000006d540000 - 0x000000006d575000 	C:\Program Files\Bonjour\mdnsNSP.dll
0x00007ffb97a50000 - 0x00007ffb97a5a000 	C:\Windows\System32\rasadhlp.dll
0x00007ffb98280000 - 0x00007ffb982f2000 	C:\WINDOWS\System32\fwpuclnt.dll
0x0000019a91930000 - 0x0000019a91933000 	C:\Program Files\Java\jdk-10.0.2\bin\api-ms-win-core-console-l1-1-0.dll
0x0000019a91940000 - 0x0000019a91943000 	C:\Program Files\Java\jdk-10.0.2\bin\api-ms-win-core-datetime-l1-1-0.dll
0x0000019a91950000 - 0x0000019a91953000 	C:\Program Files\Java\jdk-10.0.2\bin\api-ms-win-core-debug-l1-1-0.dll
0x0000019a91960000 - 0x0000019a91963000 	C:\Program Files\Java\jdk-10.0.2\bin\api-ms-win-core-errorhandling-l1-1-0.dll
0x0000019a91970000 - 0x0000019a91974000 	C:\Program Files\Java\jdk-10.0.2\bin\api-ms-win-core-file-l1-1-0.dll
0x0000019a91980000 - 0x0000019a91983000 	C:\Program Files\Java\jdk-10.0.2\bin\api-ms-win-core-file-l1-2-0.dll
0x0000019a91990000 - 0x0000019a91993000 	C:\Program Files\Java\jdk-10.0.2\bin\api-ms-win-core-file-l2-1-0.dll
0x0000019a919a0000 - 0x0000019a919a3000 	C:\Program Files\Java\jdk-10.0.2\bin\api-ms-win-core-handle-l1-1-0.dll
0x0000019a919b0000 - 0x0000019a919b3000 	C:\Program Files\Java\jdk-10.0.2\bin\api-ms-win-core-heap-l1-1-0.dll
0x0000019a919c0000 - 0x0000019a919c3000 	C:\Program Files\Java\jdk-10.0.2\bin\api-ms-win-core-interlocked-l1-1-0.dll
0x0000019a919d0000 - 0x0000019a919d3000 	C:\Program Files\Java\jdk-10.0.2\bin\api-ms-win-core-libraryloader-l1-1-0.dll
0x0000019a919e0000 - 0x0000019a919e3000 	C:\Program Files\Java\jdk-10.0.2\bin\api-ms-win-core-localization-l1-2-0.dll
0x0000019a919f0000 - 0x0000019a919f3000 	C:\Program Files\Java\jdk-10.0.2\bin\api-ms-win-core-memory-l1-1-0.dll
0x0000019a91a00000 - 0x0000019a91a03000 	C:\Program Files\Java\jdk-10.0.2\bin\api-ms-win-core-namedpipe-l1-1-0.dll
0x0000019a91a10000 - 0x0000019a91a13000 	C:\Program Files\Java\jdk-10.0.2\bin\api-ms-win-core-processenvironment-l1-1-0.dll
0x0000019a91a20000 - 0x0000019a91a23000 	C:\Program Files\Java\jdk-10.0.2\bin\api-ms-win-core-processthreads-l1-1-0.dll
0x0000019a91a30000 - 0x0000019a91a33000 	C:\Program Files\Java\jdk-10.0.2\bin\api-ms-win-core-processthreads-l1-1-1.dll
0x0000019a91a40000 - 0x0000019a91a43000 	C:\Program Files\Java\jdk-10.0.2\bin\api-ms-win-core-profile-l1-1-0.dll
0x0000019a91a50000 - 0x0000019a91a53000 	C:\Program Files\Java\jdk-10.0.2\bin\api-ms-win-core-rtlsupport-l1-1-0.dll
0x0000019a91a60000 - 0x0000019a91a63000 	C:\Program Files\Java\jdk-10.0.2\bin\api-ms-win-core-string-l1-1-0.dll
0x0000019a91a70000 - 0x0000019a91a73000 	C:\Program Files\Java\jdk-10.0.2\bin\api-ms-win-core-synch-l1-1-0.dll
0x0000019a91e90000 - 0x0000019a91e93000 	C:\Program Files\Java\jdk-10.0.2\bin\api-ms-win-core-synch-l1-2-0.dll
0x0000019a91ea0000 - 0x0000019a91ea3000 	C:\Program Files\Java\jdk-10.0.2\bin\api-ms-win-core-sysinfo-l1-1-0.dll
0x0000019a91eb0000 - 0x0000019a91eb3000 	C:\Program Files\Java\jdk-10.0.2\bin\api-ms-win-core-timezone-l1-1-0.dll
0x0000019a91ec0000 - 0x0000019a91ec3000 	C:\Program Files\Java\jdk-10.0.2\bin\api-ms-win-core-util-l1-1-0.dll
0x0000019a91ed0000 - 0x0000019a91ed3000 	C:\Program Files\Java\jdk-10.0.2\bin\api-ms-win-crt-conio-l1-1-0.dll
0x0000019a91ee0000 - 0x0000019a91ee4000 	C:\Program Files\Java\jdk-10.0.2\bin\api-ms-win-crt-convert-l1-1-0.dll
0x0000019a91ef0000 - 0x0000019a91ef3000 	C:\Program Files\Java\jdk-10.0.2\bin\api-ms-win-crt-environment-l1-1-0.dll
0x0000019a91f00000 - 0x0000019a91f03000 	C:\Program Files\Java\jdk-10.0.2\bin\api-ms-win-crt-filesystem-l1-1-0.dll
0x0000019a91f10000 - 0x0000019a91f13000 	C:\Program Files\Java\jdk-10.0.2\bin\api-ms-win-crt-heap-l1-1-0.dll
0x0000019a91f20000 - 0x0000019a91f23000 	C:\Program Files\Java\jdk-10.0.2\bin\api-ms-win-crt-locale-l1-1-0.dll
0x0000019a91f30000 - 0x0000019a91f35000 	C:\Program Files\Java\jdk-10.0.2\bin\api-ms-win-crt-math-l1-1-0.dll
0x0000019a91f40000 - 0x0000019a91f45000 	C:\Program Files\Java\jdk-10.0.2\bin\api-ms-win-crt-multibyte-l1-1-0.dll
0x0000019a91f50000 - 0x0000019a91f60000 	C:\Program Files\Java\jdk-10.0.2\bin\api-ms-win-crt-private-l1-1-0.dll
0x0000019a91f60000 - 0x0000019a91f63000 	C:\Program Files\Java\jdk-10.0.2\bin\api-ms-win-crt-process-l1-1-0.dll
0x0000019a91f70000 - 0x0000019a91f74000 	C:\Program Files\Java\jdk-10.0.2\bin\api-ms-win-crt-runtime-l1-1-0.dll
0x0000019a91f80000 - 0x0000019a91f84000 	C:\Program Files\Java\jdk-10.0.2\bin\api-ms-win-crt-stdio-l1-1-0.dll
0x0000019a91f90000 - 0x0000019a91f94000 	C:\Program Files\Java\jdk-10.0.2\bin\api-ms-win-crt-string-l1-1-0.dll
0x0000019a91fa0000 - 0x0000019a91fa3000 	C:\Program Files\Java\jdk-10.0.2\bin\api-ms-win-crt-time-l1-1-0.dll
0x0000019a91fb0000 - 0x0000019a91fb3000 	C:\Program Files\Java\jdk-10.0.2\bin\api-ms-win-crt-utility-l1-1-0.dll
0x00007ffb7ad20000 - 0x00007ffb7ae16000 	C:\Program Files\Java\jdk-10.0.2\bin\ucrtbase.dll
0x00007ffb93260000 - 0x00007ffb93276000 	C:\Program Files\Java\jdk-10.0.2\bin\vcruntime140.dll
0x00007ffb91300000 - 0x00007ffb9139c000 	C:\Program Files\Java\jdk-10.0.2\bin\msvcp140.dll
0x00007ffb92b10000 - 0x00007ffb92b61000 	C:\Program Files\Java\jdk-10.0.2\bin\concrt140.dll
0x00007ffb93240000 - 0x00007ffb9325c000 	C:\Program Files\Java\jdk-10.0.2\bin\prism_sw.dll
0x00007ffb3f960000 - 0x00007ffb42a7d000 	C:\Program Files\Java\jdk-10.0.2\bin\jfxwebkit.dll
0x00007ffb9d800000 - 0x00007ffb9d898000 	C:\WINDOWS\system32\uxtheme.dll
0x00007ffb9da50000 - 0x00007ffb9da79000 	C:\WINDOWS\system32\dwmapi.dll
0x00007ffb92af0000 - 0x00007ffb92b04000 	C:\Program Files\Java\jdk-10.0.2\bin\javafx_font.dll
0x00007ffba29a0000 - 0x00007ffba2af1000 	C:\WINDOWS\System32\ole32.dll
0x00007ffb72750000 - 0x00007ffb728eb000 	C:\Program Files\Java\jdk-10.0.2\bin\awt.dll
0x00007ffba28b0000 - 0x00007ffba2972000 	C:\WINDOWS\System32\OLEAUT32.dll
0x00007ffb9c990000 - 0x00007ffb9cf57000 	C:\WINDOWS\SYSTEM32\d2d1.dll
0x00007ffb9d6c0000 - 0x00007ffb9d74b000 	C:\WINDOWS\SYSTEM32\apphelp.dll
0x00007ffb7f100000 - 0x00007ffb7f165000 	C:\Program Files\Java\jdk-10.0.2\bin\fontmanager.dll
0x00007ffb963e0000 - 0x00007ffb966fc000 	C:\WINDOWS\SYSTEM32\dwrite.dll
0x00007ffb78690000 - 0x00007ffb78720000 	C:\Program Files\Java\jdk-10.0.2\bin\glib-lite.dll
0x00007ffb785d0000 - 0x00007ffb78688000 	C:\Program Files\Java\jdk-10.0.2\bin\gstreamer-lite.dll
0x00007ffb757f0000 - 0x00007ffb7587f000 	C:\WINDOWS\SYSTEM32\DSOUND.dll
0x00007ffb912d0000 - 0x00007ffb912f6000 	C:\Program Files\Java\jdk-10.0.2\bin\jfxmedia.dll
0x00007ffba0e30000 - 0x00007ffba0ed0000 	C:\WINDOWS\System32\clbcatq.dll

dbghelp: loaded successfully - version: 4.0.5 - missing functions: none
symbol engine: initialized successfully - sym options: 0x614 - pdb path: .;C:\Program Files\Java\jdk-10.0.2\bin;C:\WINDOWS\SYSTEM32;C:\WINDOWS\WinSxS\amd64_microsoft.windows.common-controls_6595b64144ccf1df_6.0.17134.523_none_fb409dd930672a56;C:\Program Files\Java\jdk-10.0.2\bin\server;C:\Program Files\Bonjour

VM Arguments:
jvm_args: -Djava.io.tmpdir=C:\Users\Scott\AppData\Local\Temp\jbd_tmp_10662439927943512646 -Djava.rmi.server.hostname=127.0.0.1 
java_command: com.machinepublishers.jbrowserdriver.JBrowserDriverServer -1 -2 -3
java_class_path (initial): C:\Users\Scott\AppData\Local\Temp\jbd_classpath_18298244664423863999\classpath-unpacked.jar
Launcher Type: SUN_STANDARD

Logging:
Log output configuration:
#0: stdout all=warning uptime,level,tags
#1: stderr all=off uptime,level,tags

Environment Variables:
PATH=C:\Program Files\Docker\Docker\Resources\bin;C:\Program Files\Microsoft MPI\Bin\;C:\Program Files (x86)\Common Files\Oracle\Java\javapath;C:\Windows\system32;C:\Windows;C:\Windows\System32\Wbem;C:\Windows\System32\WindowsPowerShell\v1.0\;C:\Program Files (x86)\NVIDIA Corporation\PhysX\Common;C:\Program Files\dotnet\;C:\Program Files\Git\cmd;C:\Program Files\Microsoft SQL Server\130\Tools\Binn\;C:\WINDOWS\system32;C:\WINDOWS;C:\WINDOWS\System32\Wbem;C:\WINDOWS\System32\WindowsPowerShell\v1.0\;C:\WINDOWS\System32\OpenSSH\;C:\Program Files\Microsoft VS Code\bin;C:\Program Files (x86)\Microsoft SQL Server\140\Tools\Binn\;C:\Program Files (x86)\Microsoft SQL Server\140\Tools\Binn\ManagementStudio\;C:\Program Files\Microsoft SQL Server\140\Tools\Binn\;C:\Program Files\Microsoft SQL Server\140\DTS\Binn\;C:\Program Files\Microsoft SQL Server\Client SDK\ODBC\130\Tools\Binn\;C:\Program Files\NCover Desktop;C:\Users\Scott\AppData\Local\Programs\Python\Python36-32\Scripts\;C:\Users\Scott\AppData\Local\Programs\Python\Python36-32\;C:\Users\Scott\AppData\Local\Microsoft\WindowsApps;C:\Program Files\Microsoft VS Code\bin;C:\bin\;C:\bin\flutter\bin;C:\Users\Scott\.dotnet\tools
USERNAME=Scott
OS=Windows_NT
PROCESSOR_IDENTIFIER=AMD64 Family 16 Model 4 Stepping 3, AuthenticAMD



---------------  S Y S T E M  ---------------

OS: Windows 10 , 64 bit Build 17134 (10.0.17134.1)

CPU:total 4 (initial active 4) (4 cores per cpu, 1 threads per core) family 16 model 4 stepping 3, cmov, cx8, fxsr, mmx, sse, sse2, sse3, popcnt, mmxext, 3dnowpref, lzcnt, sse4a, tsc, tscinvbit, tscinv

Memory: 4k page, physical 8386100k(2869864k free), swap 13891124k(4138724k free)

vm_info: Java HotSpot(TM) 64-Bit Server VM (10.0.2+13) for windows-amd64 JRE (10.0.2+13), built on Jun 28 2018 01:57:56 by "mach5one" with MS VC++ 12.0 (VS2013)

END.
